[2020-03-13 01:41:52][3] Processing: App\Jobs\SearchAPI
"start"
"end"
[2020-03-13 01:44:29][3] Processed:  App\Jobs\SearchAPI
[2020-03-13 01:46:14][4] Processing: App\Jobs\SearchAPI
"start"
[2020-03-13 01:47:44][4] Processing: App\Jobs\SearchAPI
"start"
"end"
[2020-03-13 01:48:34][4] Processed:  App\Jobs\SearchAPI
"end"
[2020-03-13 01:49:26][4] Processed:  App\Jobs\SearchAPI
[2020-03-13 12:15:16][1] Processing: App\Jobs\SearchAPI
"start"
[2020-03-13 12:16:46][1] Processing: App\Jobs\SearchAPI
"start"
"end"
[2020-03-13 12:17:00][1] Processed:  App\Jobs\SearchAPI
"end"
[2020-03-13 12:18:35][1] Processed:  App\Jobs\SearchAPI
[2020-03-16 15:16:25][2] Processing: App\Jobs\SearchAPI
"start"
[2020-03-16 15:17:55][2] Processing: App\Jobs\SearchAPI
"start"
"end"
[2020-03-16 15:18:30][2] Processed:  App\Jobs\SearchAPI
"end"
[2020-03-16 15:19:46][2] Processed:  App\Jobs\SearchAPI
[2020-03-16 15:23:18][3] Processing: App\Jobs\SearchAPI
"start"
[2020-03-16 15:24:49][3] Processing: App\Jobs\SearchAPI
"start"
"end"
[2020-03-16 15:24:56][3] Processed:  App\Jobs\SearchAPI
"end"
[2020-03-16 15:26:34][3] Processed:  App\Jobs\SearchAPI
[2020-04-28 20:28:23][1] Processing: App\Jobs\SearchAPI
"start"
[2020-04-28 20:29:53][1] Processing: App\Jobs\SearchAPI
"start"
"end"
[2020-04-28 20:30:01][1] Processed:  App\Jobs\SearchAPI
"end"
[2020-04-28 20:31:10][1] Processed:  App\Jobs\SearchAPI
[2020-04-28 20:57:29][2] Processing: App\Jobs\SearchAPI
"start"
"end"
[2020-04-28 20:58:47][2] Processed:  App\Jobs\SearchAPI
[2020-04-28 21:04:17][3] Processing: App\Jobs\SearchAPI
"start"
"Error occurred for:\r\nSearching 10 items exceeded free trial version limitation"
[2020-04-28 21:05:18][4] Processing: App\Jobs\SearchAPI
"start"
[2020-04-28 21:06:14][5] Processing: App\Jobs\SearchAPI
"start"
"Error occurred for:\r\nSearching 10 items exceeded free trial version limitation"
[2020-04-28 21:07:13][5] Failed:     App\Jobs\SearchAPI
[2020-04-28 21:12:43][6] Processing: App\Jobs\SearchAPI
"start"
[2020-04-28 21:14:15][6] Processing: App\Jobs\SearchAPI
"start"
[2020-04-28 21:14:18][7] Processing: App\Jobs\SearchAPI
"start"
"Error occurred for:\r\nSearching 10 items exceeded free trial version limitation"
[2020-04-28 21:15:48][8] Processing: App\Jobs\SearchAPI
"start"
[2020-04-28 21:15:52][9] Processing: App\Jobs\SearchAPI
"start"
[2020-04-28 21:16:44][8] Failed:     App\Jobs\SearchAPI
[2020-04-28 21:16:48][9] Failed:     App\Jobs\SearchAPI
[2020-04-28 22:20:00][10] Processing: App\Jobs\SearchAPI
"start"
[2020-04-28 22:21:30][10] Processing: App\Jobs\SearchAPI
"start"
[2020-04-28 22:21:35][11] Processing: App\Jobs\SearchAPI
"start"
[2020-04-28 22:22:57][12] Processing: App\Jobs\SearchAPI
"start"
[2020-04-28 22:23:02][13] Processing: App\Jobs\SearchAPI
"start"
[2020-04-28 22:24:26][12] Failed:     App\Jobs\SearchAPI
[2020-04-28 22:24:31][13] Failed:     App\Jobs\SearchAPI
[2020-04-28 22:28:19][14] Processing: App\Jobs\SearchAPI
"start"
[2020-04-28 22:29:49][14] Processing: App\Jobs\SearchAPI
"start"
[2020-04-28 22:29:51][15] Processing: App\Jobs\SearchAPI
"start"
[2020-04-28 22:29:52][15] Failed:     App\Jobs\SearchAPI
"end"
[2020-04-28 22:30:35][14] Processed:  App\Jobs\SearchAPI
[2020-04-28 23:45:27][16] Processing: App\Jobs\SearchAPI
"start"
"Error occurred for:\r\nSearching 10 items exceeded free trial version limitation"
"Error occurred for:\r\nSearching 0 items exceeded free trial version limitation"
"end"
[2020-04-28 23:46:23][16] Processed:  App\Jobs\SearchAPI
[2020-04-29 01:07:23][21] Processing: App\Jobs\SearchAPI
"start"
[2020-04-29 01:08:53][21] Processing: App\Jobs\SearchAPI
"start"
"end"
[2020-04-29 01:10:16][21] Processed:  App\Jobs\SearchAPI
"end"
[2020-04-29 01:13:01][21] Processed:  App\Jobs\SearchAPI
